info:  Game: sokamoka.exe
info:  DXVK: v1.6
info:  Built-in extension providers:
info:    Win32 WSI
info:    OpenVR
warn:  OpenVR: Failed to locate module
info:  Enabled instance extensions:
info:    VK_KHR_get_surface_capabilities2
info:    VK_KHR_surface
info:    VK_KHR_win32_surface
info:  Intel(R) UHD Graphics (TGL GT2):
info:    Driver: 21.2.6
info:    Vulkan: 1.2.182
info:    Memory Heap[0]: 
info:      Size: 1804 MiB
info:      Flags: 0x1
info:      Memory Type[0]: Property Flags = 0xf
info:  llvmpipe (LLVM 12.0.0, 256 bits):
info:    Driver: 0.0.1
info:    Vulkan: 1.1.182
info:    Memory Heap[0]: 
info:      Size: 2048 MiB
info:      Flags: 0x1
info:      Memory Type[0]: Property Flags = 0xf
warn:  DXGI: MakeWindowAssociation: Ignoring flags
